Adding custom extension mapping: .cu will be treated as language c++
Adding custom extension mapping: .cuh will be treated as language c++
Searching for include files...
Searching for example files...
Searching for images...
Searching for dot files...
Searching for msc files...
Searching for dia files...
Searching for files to exclude
Searching INPUT for files to process...
Searching for files in directory /home/nick/Dropbox/accelerInt/cvodes
Searching for files in directory /home/nick/Dropbox/accelerInt/exponential_integrators
Searching for files in directory /home/nick/Dropbox/accelerInt/generic
Searching for files in directory /home/nick/Dropbox/accelerInt/mechanism
Searching for files in directory /home/nick/Dropbox/accelerInt/radau2a
Searching for files in directory /home/nick/Dropbox/accelerInt/rk78
Searching for files in directory /home/nick/Dropbox/accelerInt/exponential_integrators/exp4
Searching for files in directory /home/nick/Dropbox/accelerInt/exponential_integrators/exprb43
Reading and parsing tag files
Parsing files
Preprocessing /home/nick/Dropbox/accelerInt/cvodes/cvodes_dydt.c...
Parsing file /home/nick/Dropbox/accelerInt/cvodes/cvodes_dydt.c...
Preprocessing /home/nick/Dropbox/accelerInt/cvodes/cvodes_dydt.h...
Parsing file /home/nick/Dropbox/accelerInt/cvodes/cvodes_dydt.h...
Preprocessing /home/nick/Dropbox/accelerInt/cvodes/cvodes_init.c...
Parsing file /home/nick/Dropbox/accelerInt/cvodes/cvodes_init.c...
Preprocessing /home/nick/Dropbox/accelerInt/cvodes/cvodes_jac.c...
Parsing file /home/nick/Dropbox/accelerInt/cvodes/cvodes_jac.c...
Preprocessing /home/nick/Dropbox/accelerInt/cvodes/cvodes_jac.h...
Parsing file /home/nick/Dropbox/accelerInt/cvodes/cvodes_jac.h...
Preprocessing /home/nick/Dropbox/accelerInt/cvodes/solver_cvodes.c...
Parsing file /home/nick/Dropbox/accelerInt/cvodes/solver_cvodes.c...
Preprocessing /home/nick/Dropbox/accelerInt/exponential_integrators/arnoldi.cuh...
Parsing file /home/nick/Dropbox/accelerInt/exponential_integrators/arnoldi.cuh...
Preprocessing /home/nick/Dropbox/accelerInt/exponential_integrators/arnoldi.h...
Parsing file /home/nick/Dropbox/accelerInt/exponential_integrators/arnoldi.h...
Preprocessing /home/nick/Dropbox/accelerInt/exponential_integrators/cf.c...
Parsing file /home/nick/Dropbox/accelerInt/exponential_integrators/cf.c...
Preprocessing /home/nick/Dropbox/accelerInt/exponential_integrators/cf.h...
Parsing file /home/nick/Dropbox/accelerInt/exponential_integrators/cf.h...
Preprocessing /home/nick/Dropbox/accelerInt/exponential_integrators/exponential_linear_algebra.cu...
Parsing file /home/nick/Dropbox/accelerInt/exponential_integrators/exponential_linear_algebra.cu...
Preprocessing /home/nick/Dropbox/accelerInt/exponential_integrators/exponential_linear_algebra.cuh...
Parsing file /home/nick/Dropbox/accelerInt/exponential_integrators/exponential_linear_algebra.cuh...
Preprocessing /home/nick/Dropbox/accelerInt/exponential_integrators/exponential_linear_algebra.h...
Parsing file /home/nick/Dropbox/accelerInt/exponential_integrators/exponential_linear_algebra.h...
Preprocessing /home/nick/Dropbox/accelerInt/exponential_integrators/linear-algebra.c...
Parsing file /home/nick/Dropbox/accelerInt/exponential_integrators/linear-algebra.c...
Preprocessing /home/nick/Dropbox/accelerInt/exponential_integrators/linear-algebra.h...
Parsing file /home/nick/Dropbox/accelerInt/exponential_integrators/linear-algebra.h...
Preprocessing /home/nick/Dropbox/accelerInt/exponential_integrators/phiAHessenberg.c...
Parsing file /home/nick/Dropbox/accelerInt/exponential_integrators/phiAHessenberg.c...
Preprocessing /home/nick/Dropbox/accelerInt/exponential_integrators/phiAHessenberg.cu...
Parsing file /home/nick/Dropbox/accelerInt/exponential_integrators/phiAHessenberg.cu...
Preprocessing /home/nick/Dropbox/accelerInt/exponential_integrators/phiAHessenberg.cuh...
Parsing file /home/nick/Dropbox/accelerInt/exponential_integrators/phiAHessenberg.cuh...
Preprocessing /home/nick/Dropbox/accelerInt/exponential_integrators/phiAHessenberg.h...
Parsing file /home/nick/Dropbox/accelerInt/exponential_integrators/phiAHessenberg.h...
Preprocessing /home/nick/Dropbox/accelerInt/exponential_integrators/rational_approximant.c...
Parsing file /home/nick/Dropbox/accelerInt/exponential_integrators/rational_approximant.c...
Preprocessing /home/nick/Dropbox/accelerInt/exponential_integrators/rational_approximant.cu...
Parsing file /home/nick/Dropbox/accelerInt/exponential_integrators/rational_approximant.cu...
Preprocessing /home/nick/Dropbox/accelerInt/exponential_integrators/rational_approximant.cuh...
Parsing file /home/nick/Dropbox/accelerInt/exponential_integrators/rational_approximant.cuh...
Preprocessing /home/nick/Dropbox/accelerInt/exponential_integrators/rational_approximant.h...
Parsing file /home/nick/Dropbox/accelerInt/exponential_integrators/rational_approximant.h...
Preprocessing /home/nick/Dropbox/accelerInt/generic/complexInverse.c...
Parsing file /home/nick/Dropbox/accelerInt/generic/complexInverse.c...
Preprocessing /home/nick/Dropbox/accelerInt/generic/complexInverse.cu...
Parsing file /home/nick/Dropbox/accelerInt/generic/complexInverse.cu...
Preprocessing /home/nick/Dropbox/accelerInt/generic/complexInverse.cuh...
Parsing file /home/nick/Dropbox/accelerInt/generic/complexInverse.cuh...
Preprocessing /home/nick/Dropbox/accelerInt/generic/complexInverse.h...
Parsing file /home/nick/Dropbox/accelerInt/generic/complexInverse.h...
Preprocessing /home/nick/Dropbox/accelerInt/generic/fd_jacob.c...
Parsing file /home/nick/Dropbox/accelerInt/generic/fd_jacob.c...
Preprocessing /home/nick/Dropbox/accelerInt/generic/fd_jacob.cu...
Parsing file /home/nick/Dropbox/accelerInt/generic/fd_jacob.cu...
Preprocessing /home/nick/Dropbox/accelerInt/generic/fd_jacob.cuh...
Parsing file /home/nick/Dropbox/accelerInt/generic/fd_jacob.cuh...
Preprocessing /home/nick/Dropbox/accelerInt/generic/inverse.cu...
Parsing file /home/nick/Dropbox/accelerInt/generic/inverse.cu...
Preprocessing /home/nick/Dropbox/accelerInt/generic/inverse.cuh...
Parsing file /home/nick/Dropbox/accelerInt/generic/inverse.cuh...
Preprocessing /home/nick/Dropbox/accelerInt/generic/lapack_dfns.h...
Parsing file /home/nick/Dropbox/accelerInt/generic/lapack_dfns.h...
Preprocessing /home/nick/Dropbox/accelerInt/generic/read_initial_conditions.c...
Parsing file /home/nick/Dropbox/accelerInt/generic/read_initial_conditions.c...
Preprocessing /home/nick/Dropbox/accelerInt/generic/read_initial_conditions.cu...
Parsing file /home/nick/Dropbox/accelerInt/generic/read_initial_conditions.cu...
Preprocessing /home/nick/Dropbox/accelerInt/generic/read_initial_conditions.cuh...
Parsing file /home/nick/Dropbox/accelerInt/generic/read_initial_conditions.cuh...
Preprocessing /home/nick/Dropbox/accelerInt/generic/read_initial_conditions.h...
Parsing file /home/nick/Dropbox/accelerInt/generic/read_initial_conditions.h...
Preprocessing /home/nick/Dropbox/accelerInt/generic/solver.cuh...
Parsing file /home/nick/Dropbox/accelerInt/generic/solver.cuh...
Preprocessing /home/nick/Dropbox/accelerInt/generic/solver.h...
Parsing file /home/nick/Dropbox/accelerInt/generic/solver.h...
Preprocessing /home/nick/Dropbox/accelerInt/generic/solver_generic.c...
Parsing file /home/nick/Dropbox/accelerInt/generic/solver_generic.c...
Preprocessing /home/nick/Dropbox/accelerInt/generic/solver_generic.cu...
Parsing file /home/nick/Dropbox/accelerInt/generic/solver_generic.cu...
Preprocessing /home/nick/Dropbox/accelerInt/generic/solver_init.cuh...
Parsing file /home/nick/Dropbox/accelerInt/generic/solver_init.cuh...
Preprocessing /home/nick/Dropbox/accelerInt/generic/solver_init.h...
Parsing file /home/nick/Dropbox/accelerInt/generic/solver_init.h...
Preprocessing /home/nick/Dropbox/accelerInt/generic/solver_main.c...
Parsing file /home/nick/Dropbox/accelerInt/generic/solver_main.c...
Preprocessing /home/nick/Dropbox/accelerInt/generic/solver_main.cu...
Parsing file /home/nick/Dropbox/accelerInt/generic/solver_main.cu...
Preprocessing /home/nick/Dropbox/accelerInt/generic/solver_options.cuh...
Parsing file /home/nick/Dropbox/accelerInt/generic/solver_options.cuh...
Preprocessing /hom/home/nick/Dropbox/accelerInt/exponential_integrators/exp4/exp4_props.h:16: warning: include file header.h not found, perhaps you forgot to add its directory to INCLUDE_PATH?
/home/nick/Dropbox/accelerInt/exponential_integrators/exp4/exp4_props.h:17: warning: include file stdio.h not found, perhaps you forgot to add its directory to INCLUDE_PATH?
e/nick/Dropbox/accelerInt/generic/solver_options.h...
Parsing file /home/nick/Dropbox/accelerInt/generic/solver_options.h...
Preprocessing /home/nick/Dropbox/accelerInt/generic/solver_props.cuh...
Parsing file /home/nick/Dropbox/accelerInt/generic/solver_props.cuh...
Preprocessing /home/nick/Dropbox/accelerInt/generic/solver_props.h...
Parsing file /home/nick/Dropbox/accelerInt/generic/solver_props.h...
Preprocessing /home/nick/Dropbox/accelerInt/generic/timer.h...
Parsing file /home/nick/Dropbox/accelerInt/generic/timer.h...
Preprocessing /home/nick/Dropbox/accelerInt/radau2a/radau2a.c...
Parsing file /home/nick/Dropbox/accelerInt/radau2a/radau2a.c...
Preprocessing /home/nick/Dropbox/accelerInt/radau2a/radau2a.cu...
Parsing file /home/nick/Dropbox/accelerInt/radau2a/radau2a.cu...
Preprocessing /home/nick/Dropbox/accelerInt/radau2a/radau2a_init.c...
Parsing file /home/nick/Dropbox/accelerInt/radau2a/radau2a_init.c...
Preprocessing /home/nick/Dropbox/accelerInt/radau2a/radau2a_init.cu...
Parsing file /home/nick/Dropbox/accelerInt/radau2a/radau2a_init.cu...
Preprocessing /home/nick/Dropbox/accelerInt/radau2a/radau2a_props.c...
Parsing file /home/nick/Dropbox/accelerInt/radau2a/radau2a_props.c...
Preprocessing /home/nick/Dropbox/accelerInt/radau2a/radau2a_props.cu...
Parsing file /home/nick/Dropbox/accelerInt/radau2a/radau2a_props.cu...
Preprocessing /home/nick/Dropbox/accelerInt/radau2a/radau2a_props.cuh...
Parsing file /home/nick/Dropbox/accelerInt/radau2a/radau2a_props.cuh...
Preprocessing /home/nick/Dropbox/accelerInt/radau2a/radau2a_props.h...
Parsing file /home/nick/Dropbox/accelerInt/radau2a/radau2a_props.h...
Preprocessing /home/nick/Dropbox/accelerInt/rk78/rk78_init.cpp...
Parsing file /home/nick/Dropbox/accelerInt/rk78/rk78_init.cpp...
Preprocessing /home/nick/Dropbox/accelerInt/rk78/rk78_typedefs.hpp...
Parsing file /home/nick/Dropbox/accelerInt/rk78/rk78_typedefs.hpp...
Preprocessing /home/nick/Dropbox/accelerInt/rk78/solver_rk78.cpp...
Parsing file /home/nick/Dropbox/accelerInt/rk78/solver_rk78.cpp...
Preprocessing /home/nick/Dropbox/accelerInt/exponential_integrators/exp4/exp4.c...
Parsing file /home/nick/Dropbox/accelerInt/exponential_integrators/exp4/exp4.c...
Preprocessing /home/nick/Dropbox/accelerInt/exponential_integrators/exp4/exp4.cu...
Parsing file /home/nick/Dropbox/accelerInt/exponential_integrators/exp4/exp4.cu...
Preprocessing /home/nick/Dropbox/accelerInt/exponential_integrators/exp4/exp4_init.c...
Parsing file /home/nick/Dropbox/accelerInt/exponential_integrators/exp4/exp4_init.c...
Preprocessing /home/nick/Dropbox/accelerInt/exponential_integrators/exp4/exp4_init.cu...
Parsing file /home/nick/Dropbox/accelerInt/exponential_integrators/exp4/exp4_init.cu...
Preprocessing /home/nick/Dropbox/accelerInt/exponential_integrators/exp4/exp4_props.c...
Parsing file /home/nick/Dropbox/accelerInt/exponential_integrators/exp4/exp4_props.c...
Preprocessing /home/nick/Dropbox/accelerInt/exponential_integrators/exp4/exp4_props.cu...
Parsing file /home/nick/Dropbox/accelerInt/exponential_integrators/exp4/exp4_props.cu...
Preprocessing /home/nick/Dropbox/accelerInt/exponential_integrators/exp4/exp4_props.cuh...
Parsing file /home/nick/Dropbox/accelerInt/exponential_integrators/exp4/exp4_props.cuh...
Preprocessing /home/nick/Dropbox/accelerInt/exponential_integrators/exp4/exp4_props.h...
Parsing file /home/nick/Dropbox/accelerInt/exponential_integrators/exp4/exp4_props.h...
Preprocessing /home/nick/Dropbox/accelerInt/exponential_integrators/exprb43/exprb43.c...
Parsing file /home/nick/Dropbox/accelerInt/exponential_integrators/exprb43/exprb43.c...
Preprocessing /home/nick/Dropbox/accelerInt/exponential_integrators/exprb43/exprb43.cu...
Parsing file /home/nick/Dropbox/accelerInt/exponential_integrators/exprb43/exprb43.cu...
Preprocessing /home/nick/Dropbox/accelerInt/exponential_integrators/exprb43/exprb43_init.c...
Parsing file /home/nick/Dropbox/accelerInt/exponential_integrators/exprb43/exprb43_init.c...
Preprocessing /home/nick/Dropbox/accelerInt/exponential_integrators/exprb43/exprb43_init.cu...
Parsing file /home/nick/Dropbox/accelerInt/exponential_integrators/exprb43/exprb43_init.cu...
Preprocessing /home/nick/Dropbox/accelerInt/exponential_integrators/exprb43/exprb43_props.c...
Parsing file /home/nick/Dropbox/accelerInt/exponential_integrators/exprb43/exprb43_props.c...
Preprocessing /home/nick/Dropbox/accelerInt/exponential_integrators/exprb43/exprb43_props.cu...
Parsing file /home/nick/Dropbox/accelerInt/exponential_integrators/exprb43/exprb43_props.cu...
Preprocessing /home/nick/Dropbox/accelerInt/exponential_integrators/exprb43/exprb43_props.cuh...
Parsing file /home/nick/Dropbox/accelerInt/exponential_integrators/exprb43/exprb43_props.cuh...
Preprocessing /home/nick/Dropbox/accelerInt/exponential_integrators/exprb43/exprb43_props.h...
Parsing file /home/nick/Dropbox/accelerInt/exponential_integrators/exprb43/exprb43_props.h...
Building group list...
Building directory list...
Building namespace list...
Building file list...
Building class list...
Associating documentation with classes...
Computing nesting relations for classes...
Building example list...
Searching for enumerations...
Searching for documented typedefs...
Searching for members imported via using declarations...
Searching for included using directives...
Searching for documented variables...
Building interface member list...
Building member list...
Searching for friends...
Searching for documented defines...
Computing class inheritance relations...
Computing class usage relations...
Flushing cached template relations that have become invalid...
Creating members for template instances...
Computing class relations...
Add enum values to enums...
Searching for member function documentation...
Building page list...
Search for main page...
Computing page relations...
Determining the scope of groups...
Sorting lists...
Freeing entry tree
Determining which enums are documented
Computing member relations...
Building full member lists recursively...
Adding members to member groups.
Computing member references...
Inheriting documentation...
Generating disk names...
Adding source references...
Adding xrefitems...
Sorting member lists...
Computing dependencies between directories...
Generating citations page...
Counting data structures...
Resolving user defined references...
Finding anchors and sections in the documentation...
Transferring function references...
Combining using relations...
Adding members to index pages...
Generating style sheet...
Generating search indices...
Generating example documentation...
Generating file sources...
Generating code for file /home/nick/Dropbox/accelerInt/cvodes/cvodes_dydt.h...
Generating code for file /home/nick/Dropbox/accelerInt/cvodes/cvodes_jac.h...
Generating code for file /home/nick/Dropbox/accelerInt/exponential_integrators/arnoldi.h...
Generating code for file /home/nick/Dropbox/accelerInt/exponential_integrators/cf.h...
Generating code for file /home/nick/Dropbox/accelerInt/exponential_integrators/exp4/exp4_props.h...
Generating code for file /home/nick/Dropbox/accelerInt/exponential_integrators/exponential_linear_algebra.h...
Generating code for file /home/nick/Dropbox/accelerInt/exponential_integrators/exprb43/exprb43_props.h...
Generating code for file /home/nick/Dropbox/accelerInt/exponential_integrators/linear-algebra.h...
Generating code for file /home/nick/Dropbox/accelerInt/exponential_integrators/phiAHessenberg.h...
Generating code for file /home/nick/Dropbox/accelerInt/exponential_integrators/rational_approximant.h...
Generating code for file /home/nick/Dropbox/accelerInt/generic/complexInverse.h...
Generating code for file /home/nick/Dropbox/accelerInt/generic/lapack_dfns.h...
Generating code for file /home/nick/Dropbox/accelerInt/generic/read_initial_conditions.h...
Generating code for file /home/nick/Dropbox/accelerInt/generic/solver.h...
Generating code for file /home/nick/Dropbox/accelerInt/generic/solver_init.h...
Generating code for file /home/nick/Dropbox/accelerInt/generic/solver_options.h...
Generating code for file /home/nick/Dropbox/accelerInt/generic/solver_props.h...
Generating code for file /home/nick/Dropbox/accelerInt/generic/timer.h...
Generating code for file /home/nick/Dropbox/accelerInt/radau2a/radau2a_props.h...
Generating code for file /home/nick/Dropbox/accelerInt/rk78/rk78_typedefs.hpp...
Generating file documentation...
Generating docs for file /home/nick/Dropbox/accelerInt/cvodes/cvodes_dydt.c...
Generating docs for file /home/nick/Dropbox/accelerInt/cvodes/cvodes_dydt.h...
Generating docs for file /home/nick/Dropbox/accelerInt/cvodes/cvodes_init.c...
Generating docs for file /home/nick/Dropbox/accelerInt/cvodes/cvodes_jac.c...
Generating docs for file /home/nick/Dropbox/accelerInt/cvodes/cvodes_jac.h...
Generating docs for file /home/nick/Dropbox/accelerInt/cvodes/solver_cvodes.c...
Generating docs for file /home/nick/Dropbox/accelerInt/exponential_integrators/arnoldi.cuh...
Generating docs for file /home/nick/Dropbox/accelerInt/exponential_integrators/arnoldi.h...
Generating docs for file /home/nick/Dropbox/accelerInt/exponential_integrators/cf.c...
Generating docs for file /home/nick/Dropbox/accelerInt/exponential_integrators/cf.h...
Generating docs for file /home/nick/Dropbox/accelerInt/exponential_integrators/exp4/exp4.c...
Generating docs for file /home/nick/Dropbox/accelerInt/exponential_integrators/exp4/exp4.cu...
Generating docs for file /home/nick/Dropbox/accelerInt/exponential_integrators/exp4/exp4_init.c...
Generating docs for file /home/nick/Dropbox/accelerInt/exponential_integrators/exp4/exp4_init.cu...
Generating docs for file /home/nick/Dropbox/accelerInt/exponential_integrators/exp4/exp4_props.c...
Generating docs for file /home/nick/Dropbox/accelerInt/exponential_integrators/exp4/exp4_props.cu...
Generating docs for file /home/nick/Dropbox/accelerInt/exponential_integrators/exp4/exp4_props.cuh...
Generating docs for file /home/nick/Dropbox/accelerInt/exponential_integrators/exp4/exp4_props.h...
Generating docs for file /home/nick/Dropbox/accelerInt/exponential_integrators/exponential_linear_algebra.cu...
Generating docs for file /home/nick/Dropbox/accelerInt/exponential_integrators/exponential_linear_algebra.cuh...
Generating docs for file /home/nick/Dropbox/accelerInt/exponential_integrators/exponential_linear_algebra.h...
Generating docs for file /home/nick/Dropbox/accelerInt/exponential_integrators/exprb43/exprb43.c...
Generating docs for file /home/nick/Dropbox/accelerInt/exponential_integrators/exprb43/exprb43.cu...
Generating docs for file /home/nick/Dropbox/accelerInt/exponential_integrators/exprb43/exprb43_init.c...
Generating docs for file /home/nick/Dropbox/accelerInt/exponential_integrators/exprb43/exprb43_init.cu...
Generating docs for file /home/nick/Dropbox/accelerInt/exponential_integrators/exprb43/exprb43_props.c...
Generating docs for file /home/nick/Dropbox/accelerInt/exponential_integrators/exprb43/exprb43_props.cu...
Generating docs for file /home/nick/Dropbox/accelerInt/exponential_integrators/exprb43/exprb43_props.cuh...
Generating docs for file /home/nick/Dropbox/accelerInt/exponential_integrators/exprb43/exprb43_props.h...
Generating docs for file /home/nick/Dropbox/accelerInt/exponential_integrators/linear-algebra.c...
Generating docs for file /home/nick/Dropbox/accelerInt/exponential_integrators/linear-algebra.h...
Generating docs for file /home/nick/Dropbox/accelerInt/exponential_integrators/phiAHessenberg.c...
Generating docs for file /home/nick/Dropbox/accelerInt/exponential_integrators/phiAHessenberg.cu...
Generating docs for file /home/nick/Dropbox/accelerInt/exponential_integrators/phiAHessenberg.cuh...
Generating docs for file /home/nick/Dropbox/accelerInt/exponential_integrators/phiAHessenberg.h...
Generating docs for file /home/nick/Dropbox/accelerInt/exponential_integrators/rational_approximant.c...
Generating docs for file /home/nick/Dropbox/accelerInt/exponential_integrators/rational_approximant.cu...
Generating docs for file /home/nick/Dropbox/accelerInt/exponential_integrators/rational_approximant.cuh...
Generating docs for file /home/nick/Dropbox/accelerInt/exponential_integrators/rational_approximant.h...
Generating docs for file /home/nick/Dropbox/accelerInt/generic/complexInverse.c...
Generating docs for file /home/nick/Dropbox/accelerInt/generic/complexInverse.cu...
Generating docs for file /home/nick/Dropbox/accelerInt/generic/complexInverse.cuh...
Generating docs for file /home/nick/Dropbox/accelerInt/generic/complexInverse.h...
Generating docs for file /home/nick/Dropbox/accelerInt/generic/fd_jacob.c...
Generating docs for file /home/nick/Dropbox/accelerInt/generic/fd_jacob.cu...
Generating docs for file /home/nick/Dropbox/accelerInt/generic/fd_jacob.cuh...
Generating docs for file /home/nick/Dropbox/accelerInt/generic/inverse.cu...
Generating docs for file /home/nick/Dropbox/accelerInt/generic/inverse.cuh...
Generating docs for file /home/nick/Dropbox/accelerInt/generic/lapack_dfns.h...
Generating docs for file /home/nick/Dropbox/accelerInt/generic/read_initial_conditions.c...
Generating docs for file /home/nick/Dropbox/accelerInt/generic/read_initial_conditions.cu...
Generating docs for file /home/nick/Dropbox/accelerInt/generic/read_initial_conditions.cuh...
Generating docs for file /home/nick/Dropbox/accelerInt/generic/read_initial_conditions.h...
Generating docs for file /home/nick/Dropbox/accelerInt/generic/solver.cuh...
Generating docs for file /home/nick/Dropbox/accelerInt/generic/solver.h...
Generating docs for file /home/nick/Dropbox/accelerInt/generic/solver_generic.c...
Generating docs for file /home/nick/Dropbox/accelerInt/generic/solver_generic.cu...
Generating docs for file /home/nick/Dropbox/accelerInt/generic/solver_init.cuh...
Generating docs for file /home/nick/Dropbox/accelerInt/generic/solver_init.h...
Generating docs for file /home/nick/Dropbox/accelerInt/generic/solver_main.c...
Generating docs for file /home/nick/Dropbox/accelerInt/generic/solver_main.cu...
Generating docs for file /home/nick/Dropbox/accelerInt/generic/solver_options.cuh...
Generating docs for file /home/nick/Dropbox/accelerInt/generic/solver_options.h...
Generating docs for file /home/nick/Dropbox/accelerInt/generic/solver_props.cuh...
Generating docs for file /home/nick/Dropbox/accelerInt/generic/solver_props.h...
Generating docs for file /home/nick/Dropbox/accelerInt/generic/timer.h...
Generating docs for file /home/nick/Dropbox/accelerInt/radau2a/radau2a.c...
Generating docs for file /home/nick/Dropbox/accelerInt/radau2a/radau2a.cu...
Generating docs for file /home/nick/Dropbox/accelerInt/radau2a/radau2a_init.c...
Generating docs for file /home/nick/Dropbox/accelerInt/radau2a/radau2a_init.cu...
Generating docs for file /home/nick/Dropbox/accelerInt/radau2a/radau2a_props.c...
Generating docs for file /home/nick/Dropbox/accelerInt/radau2a/radau2a_props.cu...
Generating docs for file /home/nick/Dropbox/accelerInt/radau2a/radau2a_props.cuh...
Generating docs for file /home/nick/Dropbox/accelerInt/radau2a/radau2a_props.h...
Generating docs for file /home/nick/Dropbox/accelerInt/rk78/rk78_init.cpp...
Generating docs for file /home/nick/Dropbox/accelerInt/rk78/rk78_typedefs.hpp...
Generating docs for file /home/nick/Dropbox/accelerInt/rk78/solver_rk78.cpp...
Generating page documentation...
Generating group documentation...
Generating dependency graph for group RKCU_ErrCodes
Generating dependency graph for group RK_ErrCodes
Generating dependency graph for group exp4cu_ErrCodes
Generating dependency graph for group exp4_ErrCodes
Generating dependency graph for group exprb43cu_ErrCodes
Generating dependency graph for group exprb43_ErrCodes
Generating dependency graph for group CUErrorCodes
Generating dependency graph for group ErrorCodes
Generating class documentation...
Generating docs for compound solver_memory...
Generating namespace index...
Generating docs for namespace cvode
Generating docs for namespace exp4
Generating docs for namespace exp4cu
Generating docs for compound exp4cu::solver_memory...
Generating docs for namespace exprb43
Generating docs for namespace exprb43cu
Generating docs for compound exprb43cu::solver_memory...
Generating docs for namespace generic
Generating docs for namespace genericcu
Generating docs for namespace radau2a
Generating dThis is pdfTeX, Version 3.14159265-2.6-1.40.17 (TeX Live 2016) (preloaded format=latex)
 restricted \write18 enabled.
entering extended mode
(./_formulas.tex
LaTeX2e <2017/01/01> patch level 1
Babel <3.9r> and hyphenation patterns for 5 language(s) loaded.
(/usr/local/texlive/2016/texmf-dist/tex/latex/base/article.cls
Document Class: article 2014/09/29 v1.4h Standard LaTeX document class
(/usr/local/texlive/2016/texmf-dist/tex/latex/base/size10.clo))
(/usr/local/texlive/2016/texmf-dist/tex/latex/graphics/epsfig.sty
(/usr/local/texlive/2016/texmf-dist/tex/latex/graphics/graphicx.sty
(/usr/local/texlive/2016/texmf-dist/tex/latex/graphics/keyval.sty)
(/usr/local/texlive/2016/texmf-dist/tex/latex/graphics/graphics.sty
(/usr/local/texlive/2016/texmf-dist/tex/latex/graphics/trig.sty)
(/usr/local/texlive/2016/texmf-dist/tex/latex/graphics-cfg/graphics.cfg)
(/usr/local/texlive/2016/texmf-dist/tex/latex/graphics-def/dvips.def))))
No file _formulas.aux.
[1] [2] [3] [4] [5] [6] [7] [8] [9] [10] [11] [12] [13] [14] [15] [16] [17]
[18] [19] [20] [21] [22] [23] [24] [25] (./_formulas.aux) )
Output written on _formulas.dvi (25 pages, 3400 bytes).
Transcript written on _formulas.log.
ocs for namespace radau2acu
Generating docs for compound radau2acu::solver_memory...
Generating docs for namespace rk78
Generating docs for compound rk78::rhs_eval...
Generating graph info page...
Generating directory documentation...
Generating dependency graph for directory /home/nick/Dropbox/accelerInt/cvodes
Generating dependency graph for directory /home/nick/Dropbox/accelerInt/exponential_integrators/exp4
Generating dependency graph for directory /home/nick/Dropbox/accelerInt/exponential_integrators
Generating dependency graph for directory /home/nick/Dropbox/accelerInt/exponential_integrators/exprb43
Generating dependency graph for directory /home/nick/Dropbox/accelerInt/radau2a
Generating dependency graph for directory /home/nick/Dropbox/accelerInt/rk78
Generating bitmaps for formulas in HTML...
Generating image form_0.png for formula
Generating image form_1.png for formula
Generating image form_2.png for formula
Generating image form_3.png for formula
Generating image form_4.png for formula
Generating image form_5.png for formula
Generating image form_6.png for formula
Generating image form_7.png for formula
Generating image form_8.png for formula
Generating image form_9.png for formula
Generating image form_10.png for formula
Generating image form_11.png for formula
Generating image form_12.png for formula
Generating image form_13.png for formula
Generating image form_14.png for formula
Generating image form_15.png for formula
Generating image form_16.png for formula
Generating image form_17.png for formula
Generating image form_18.png for formula
Generating image form_19.png for formula
Generating image form_20.png for formula
Generating image form_21.png for formula
Generating image form_22.png for formula
Generating image form_23.png for formula
Generating image form_24.png for formula
Generating index page...
Generating page index...
Generating module index...
Generating namespace index...
Generating namespace member index...
Generating annotated compound index...
Generating alphabetical compound index...
Generating hierarchical class index...
Generating graphical class hierarchy...
Generating member index...
Generating file index...
Generating file member index...
Generating example index...
finalizing index lists...
writing tag file...
Running dot...
Generating dot graphs using 3 parallel threads...
Running dot for graph 1/231
Running dot for graph 2/231
Running dot for graph 3/231
Running dot for graph 4/231
Running dot for graph 5/231
Running dot for graph 6/231
Running dot for graph 7/231
Running dot for graph 8/231
Running dot for graph 9/231
Running dot for graph 10/231
Running dot for graph 11/231
Running dot for graph 12/231
Running dot for graph 13/231
Running dot for graph 14/231
Running dot for graph 15/231
Running dot for graph 16/231
Running dot for graph 17/231
Running dot for graph 18/231
Running dot for graph 19/231
Running dot for graph 20/231
Running dot for graph 21/231
Running dot for graph 22/231
Running dot for graph 23/231
Running dot for graph 24/231
Running dot for graph 25/231
Running dot for graph 26/231
Running dot for graph 27/231
Running dot for graph 28/231
Running dot for graph 29/231
Running dot for graph 30/231
Running dot for graph 31/231
Running dot for graph 32/231
Running dot for graph 33/231
Running dot for graph 34/231
Running dot for graph 35/231
Running dot for graph 36/231
Running dot for graph 37/231
Running dot for graph 38/231
Running dot for graph 39/231
Running dot for graph 40/231
Running dot for graph 41/231
Running dot for graph 42/231
Running dot for graph 43/231
Running dot for graph 44/231
Running dot for graph 45/231
Running dot for graph 46/231
Running dot for graph 47/231
Running dot for graph 48/231
Running dot for graph 49/231
Running dot for graph 50/231
Running dot for graph 51/231
Running dot for graph 52/231
Running dot for graph 53/231
Running dot for graph 54/231
Running dot for graph 55/231
Running dot for graph 56/231
Running dot for graph 57/231
Running dot for graph 58/231
Running dot for graph 59/231
Running dot for graph 60/231
Running dot for graph 61/231
Running dot for graph 62/231
Running dot for graph 63/231
Running dot for graph 64/231
Running dot for graph 65/231
Running dot for graph 66/231
Running dot for graph 67/231
Running dot for graph 68/231
Running dot for graph 69/231
Running dot for graph 70/231
Running dot for graph 71/231
Running dot for graph 72/231
Running dot for graph 73/231
Running dot for graph 74/231
Running dot for graph 75/231
Running dot for graph 76/231
Running dot for graph 77/231
Running dot for graph 78/231
Running dot for graph 79/231
Running dot for graph 80/231
Running dot for graph 81/231
Running dot for graph 82/231
Running dot for graph 83/231
Running dot for graph 84/231
Running dot for graph 85/231
Running dot for graph 86/231
Running dot for graph 87/231
Running dot for graph 88/231
Running dot for graph 89/231
Running dot for graph 90/231
Running dot for graph 91/231
Running dot for graph 92/231
Running dot for graph 93/231
Running dot for graph 94/231
Running dot for graph 95/231
Running dot for graph 96/231
Running dot for graph 97/231
Running dot for graph 98/231
Running dot for graph 99/231
Running dot for graph 100/231
Running dot for graph 101/231
Running dot for graph 102/231
Running dot for graph 103/231
Running dot for graph 104/231
Running dot for graph 105/231
Running dot for graph 106/231
Running dot for graph 107/231
Running dot for graph 108/231
Running dot for graph 109/231
Running dot for graph 110/231
Running dot for graph 111/231
Running dot for graph 112/231
Running dot for graph 113/231
Running dot for graph 114/231
Running dot for graph 115/231
Running dot for graph 116/231
Running dot for graph 117/231
Running dot for graph 118/231
Running dot for graph 119/231
Running dot for graph 120/231
Running dot for graph 121/231
Running dot for graph 122/231
Running dot for graph 123/231
Running dot for graph 124/231
Running dot for graph 125/231
Running dot for graph 126/231
Running dot for graph 127/231
Running dot for graph 128/231
Running dot for graph 129/231
Running dot for graph 130/231
Running dot for graph 131/231
Running dot for graph 132/231
Running dot for graph 133/231
Running dot for graph 134/231
Running dot for graph 135/231
Running dot for graph 136/231
Running dot for graph 137/231
Running dot for graph 138/231
Running dot for graph 139/231
Running dot for graph 140/231
Running dot for graph 141/231
Running dot for graph 142/231
Running dot for graph 143/231
Running dot for graph 144/231
Running dot for graph 145/231
Running dot for graph 146/231
Running dot for graph 147/231
Running dot for graph 148/231
Running dot for graph 149/231
Running dot for graph 150/231
Running dot for graph 151/231
Running dot for graph 152/231
Running dot for graph 153/231
Running dot for graph 154/231
Running dot for graph 155/231
Running dot for graph 156/231
Running dot for graph 157/231
Running dot for graph 158/231
Running dot for graph 159/231
Running dot for graph 160/231
Running dot for graph 161/231
Running dot for graph 162/231
Running dot for graph 163/231
Running dot for graph 164/231
Running dot for graph 165/231
Running dot for graph 166/231
Running dot for graph 167/231
Running dot for graph 168/231
Running dot for graph 169/231
Running dot for graph 170/231
Running dot for graph 171/231
Running dot for graph 172/231
Running dot for graph 173/231
Running dot for graph 174/231
Running dot for graph 175/231
Running dot for graph 176/231
Running dot for graph 177/231
Running dot for graph 178/231
Running dot for graph 179/231
Running dot for graph 180/231
Running dot for graph 181/231
Running dot for graph 182/231
Running dot for graph 183/231
Running dot for graph 184/231
Running dot for graph 185/231
Running dot for graph 186/231
Running dot for graph 187/231
Running dot for graph 188/231
Running dot for graph 189/231
Running dot for graph 190/231
Running dot for graph 191/231
Running dot for graph 192/231
Running dot for graph 193/231
Running dot for graph 194/231
Running dot for graph 195/231
Running dot for graph 196/231
Running dot for graph 197/231
Running dot for graph 198/231
Running dot for graph 199/231
Running dot for graph 200/231
Running dot for graph 201/231
Running dot for graph 202/231
Running dot for graph 203/231
Running dot for graph 204/231
Running dot for graph 205/231
Running dot for graph 206/231
Running dot for graph 207/231
Running dot for graph 208/231
Running dot for graph 209/231
Running dot for graph 210/231
Running dot for graph 211/231
Running dot for graph 212/231
Running dot for graph 213/231
Running dot for graph 214/231
Running dot for graph 215/231
Running dot for graph 216/231
Running dot for graph 217/231
Running dot for graph 218/231
Running dot for graph 219/231
Running dot for graph 220/231
Running dot for graph 221/231
Running dot for graph 222/231
Running dot for graph 223/231
Running dot for graph 224/231
Running dot for graph 225/231
Running dot for graph 226/231
Running dot for graph 227/231
Running dot for graph 228/231
Running dot for graph 229/231
Running dot for graph 230/231
Running dot for graph 231/231
Patching output file 1/180
Patching output file 2/180
Patching output file 3/180
Patching output file 4/180
Patching output file 5/180
Patching output file 6/180
Patching output file 7/180
Patching output file 8/180
Patching output file 9/180
Patching output file 10/180
Patching output file 11/180
Patching output file 12/180
Patching output file 13/180
Patching output file 14/180
Patching output file 15/180
Patching output file 16/180
Patching output file 17/180
Patching output file 18/180
Patching output file 19/180
Patching output file 20/180
Patching output file 21/180
Patching output file 22/180
Patching output file 23/180
Patching output file 24/180
Patching output file 25/180
Patching output file 26/180
Patching output file 27/180
Patching output file 28/180
Patching output file 29/180
Patching output file 30/180
Patching output file 31/180
Patching output file 32/180
Patching output file 33/180
Patching output file 34/180
Patching output file 35/180
Patching output file 36/180
Patching output file 37/180
Patching output file 38/180
Patching output file 39/180
Patching output file 40/180
Patching output file 41/180
Patching output file 42/180
Patching output file 43/180
Patching output file 44/180
Patching output file 45/180
Patching output file 46/180
Patching output file 47/180
Patching output file 48/180
Patching output file 49/180
Patching output file 50/180
Patching output file 51/180
Patching output file 52/180
Patching output file 53/180
Patching output file 54/180
Patching output file 55/180
Patching output file 56/180
Patching output file 57/180
Patching output file 58/180
Patching output file 59/180
Patching output file 60/180
Patching output file 61/180
Patching output file 62/180
Patching output file 63/180
Patching output file 64/180
Patching output file 65/180
Patching output file 66/180
Patching output file 67/180
Patching output file 68/180
Patching output file 69/180
Patching output file 70/180
Patching output file 71/180
Patching output file 72/180
Patching output file 73/180
Patching output file 74/180
Patching output file 75/180
Patching output file 76/180
Patching output file 77/180
Patching output file 78/180
Patching output file 79/180
Patching output file 80/180
Patching output file 81/180
Patching output file 82/180
Patching output file 83/180
Patching output file 84/180
Patching output file 85/180
Patching output file 86/180
Patching output file 87/180
Patching output file 88/180
Patching output file 89/180
Patching output file 90/180
Patching output file 91/180
Patching output file 92/180
Patching output file 93/180
Patching output file 94/180
Patching output file 95/180
Patching output file 96/180
Patching output file 97/180
Patching output file 98/180
Patching output file 99/180
Patching output file 100/180
Patching output file 101/180
Patching output file 102/180
Patching output file 103/180
Patching output file 104/180
Patching output file 105/180
Patching output file 106/180
Patching output file 107/180
Patching output file 108/180
Patching output file 109/180
Patching output file 110/180
Patching output file 111/180
Patching output file 112/180
Patching output file 113/180
Patching output file 114/180
Patching output file 115/180
Patching output file 116/180
Patching output file 117/180
Patching output file 118/180
Patching output file 119/180
Patching output file 120/180
Patching output file 121/180
Patching output file 122/180
Patching output file 123/180
Patching output file 124/180
Patching output file 125/180
Patching output file 126/180
Patching output file 127/180
Patching output file 128/180
Patching output file 129/180
Patching output file 130/180
Patching output file 131/180
Patching output file 132/180
Patching output file 133/180
Patching output file 134/180
Patching output file 135/180
Patching output file 136/180
Patching output file 137/180
Patching output file 138/180
Patching output file 139/180
Patching output file 140/180
Patching output file 141/180
Patching output file 142/180
Patching output file 143/180
Patching output file 144/180
Patching output file 145/180
Patching output file 146/180
Patching output file 147/180
Patching output file 148/180
Patching output file 149/180
Patching output file 150/180
Patching output file 151/180
Patching output file 152/180
Patching output file 153/180
Patching output file 154/180
Patching output file 155/180
Patching output file 156/180
Patching output file 157/180
Patching output file 158/180
Patching output file 159/180
Patching output file 160/180
Patching output file 161/180
Patching output file 162/180
Patching output file 163/180
Patching output file 164/180
Patching output file 165/180
Patching output file 166/180
Patching output file 167/180
Patching output file 168/180
Patching output file 169/180
Patching output file 170/180
Patching output file 171/180
Patching output file 172/180
Patching output file 173/180
Patching output file 174/180
Patching output file 175/180
Patching output file 176/180
Patching output file 177/180
Patching output file 178/180
Patching output file 179/180
Patching output file 180/180
lookup cache used 347/65536 hits=866 misses=349
finished...
